<?xml version="1.0" encoding="UTF-8"?>
<!-- Generated by org.testng.reporters.JUnitReportReporter -->
<testsuite skipped="0" hostname="ojt14" name="DriverFactory.DataDriven" tests="1" failures="0" timestamp="31 Dec 2019 13:30:13 GMT" time="70.118" errors="0">
  <testcase name="suplierCreation" time="70.118" classname="DriverFactory.DataDriven"/>
</testsuite> <!-- DriverFactory.DataDriven -->
