<?xml version="1.0" encoding="UTF-8"?>
<!-- Generated by org.testng.reporters.JUnitReportReporter -->
<testsuite hostname="ojt14" name="DriverFactory.DriverScript" tests="1" failures="0" timestamp="9 Jan 2020 12:50:06 GMT" time="64.176" errors="0">
  <testcase name="ERP_Account" time="64.176" classname="DriverFactory.DriverScript"/>
</testsuite> <!-- DriverFactory.DriverScript -->
