<?xml version="1.0" encoding="UTF-8"?>
<!-- Generated by org.testng.reporters.JUnitReportReporter -->
<testsuite skipped="0" hostname="ojt14" name="DriverFactory.AppTest" tests="1" failures="0" timestamp="7 Jan 2020 12:32:51 GMT" time="54.539" errors="0">
  <testcase name="startTest" time="54.539" classname="DriverFactory.AppTest"/>
</testsuite> <!-- DriverFactory.AppTest -->
